<?xml version="1.0" encoding="UTF-8"?>
<!-- Generated by org.testng.reporters.JUnitReportReporter -->
<testsuite skipped="0" hostname="LAPTOP-8CGNGM3A" name="com.YouTube.TestClass.TestClassYoutube" tests="1" failures="0" timestamp="2023-02-02T17:27:35 IST" time="27.232" errors="0">
  <testcase name="setYoutube" time="27.232" classname="com.YouTube.TestClass.TestClassYoutube"/>
  <system-out/>
</testsuite> <!-- com.YouTube.TestClass.TestClassYoutube -->
